<?xml version="1.0" encoding="UTF-8"?>
<testng-results skipped="0" failed="0" total="1" passed="1">
  <reporter-output>
  </reporter-output>
  <suite name="Default suite" duration-ms="64" started-at="2017-09-09T21:23:08Z" finished-at="2017-09-09T21:23:09Z">
    <groups>
    </groups>
    <test name="Default test" duration-ms="64" started-at="2017-09-09T21:23:08Z" finished-at="2017-09-09T21:23:09Z">
      <class name="cruddy.model.classes.GeneratedDAOTest">
        <test-method status="PASS" signature="createAndPrint()[pri:0, instance:cruddy.model.classes.GeneratedDAOTest@2669b199]" name="createAndPrint" duration-ms="64" started-at="2017-09-09T23:23:08Z" finished-at="2017-09-09T23:23:09Z">
          <reporter-output>
          </reporter-output>
        </test-method> <!-- createAndPrint -->
      </class> <!-- cruddy.model.classes.GeneratedDAOTest -->
    </test> <!-- Default test -->
  </suite> <!-- Default suite -->
</testng-results>
